2018-04-02 09:25:15.118 [restartedMain] DEBUG net.sppan.base.config.listener.ApplicationEventListener - 初始化环境变量
2018-04-02 09:25:15.181 [restartedMain] INFO  net.sppan.base.Application - Starting Application on WH-20170417SBRD with PID 2176 (D:\winhong\projectCode\ceshi\aichiw\target\classes started by Administrator in D:\winhong\projectCode\ceshi\aichiw)
2018-04-02 09:25:15.182 [restartedMain] DEBUG net.sppan.base.Application - Running with Spring Boot v1.4.2.RELEASE, Spring v4.3.4.RELEASE
2018-04-02 09:25:15.182 [restartedMain] INFO  net.sppan.base.Application - No active profile set, falling back to default profiles: default
2018-04-02 09:25:15.216 [restartedMain] DEBUG net.sppan.base.config.listener.ApplicationEventListener - 初始化环境变量完成
2018-04-02 09:25:15.494 [background-preinit] DEBUG org.jboss.logging - Logging Provider: org.jboss.logging.Slf4jLoggerProvider found via system property
2018-04-02 09:25:16.811 [restartedMain] DEBUG net.sf.ehcache.config.ConfigurationFactory - Configuring ehcache from InputStream
2018-04-02 09:25:16.821 [restartedMain] DEBUG net.sf.ehcache.config.BeanHandler - Ignoring ehcache attribute xmlns:xsi
2018-04-02 09:25:16.821 [restartedMain] DEBUG net.sf.ehcache.config.BeanHandler - Ignoring ehcache attribute xsi:noNamespaceSchemaLocation
2018-04-02 09:25:16.822 [restartedMain] DEBUG net.sf.ehcache.config.DiskStoreConfiguration - Disk Store Path: C:\Users\ADMINI~1\AppData\Local\Temp\
2018-04-02 09:25:16.834 [restartedMain] DEBUG net.sf.ehcache.util.PropertyUtil - propertiesString is null.
2018-04-02 09:25:16.841 [restartedMain] DEBUG net.sf.ehcache.config.ConfigurationHelper - No CacheManagerEventListenerFactory class specified. Skipping...
2018-04-02 09:25:16.926 [restartedMain] DEBUG net.sf.ehcache.Cache - No BootstrapCacheLoaderFactory class specified. Skipping...
2018-04-02 09:25:16.926 [restartedMain] DEBUG net.sf.ehcache.Cache - CacheWriter factory not configured. Skipping...
2018-04-02 09:25:16.926 [restartedMain] DEBUG net.sf.ehcache.config.ConfigurationHelper - No CacheExceptionHandlerFactory class specified. Skipping...
2018-04-02 09:25:16.932 [restartedMain] DEBUG net.sf.ehcache.Cache - No BootstrapCacheLoaderFactory class specified. Skipping...
2018-04-02 09:25:16.932 [restartedMain] DEBUG net.sf.ehcache.Cache - CacheWriter factory not configured. Skipping...
2018-04-02 09:25:16.932 [restartedMain] DEBUG net.sf.ehcache.config.ConfigurationHelper - No CacheExceptionHandlerFactory class specified. Skipping...
2018-04-02 09:25:16.933 [restartedMain] WARN  net.sf.ehcache.config.CacheConfiguration - Configuration problem for cache resourceCache: MaxEntriesLocalHeap equal or greater than MaxEntriesLocalDisk. This will result in useless disk storage.
2018-04-02 09:25:16.941 [restartedMain] DEBUG net.sf.ehcache.DiskStorePathManager - Using diskstore path C:\Users\ADMINI~1\AppData\Local\Temp
2018-04-02 09:25:16.942 [restartedMain] DEBUG net.sf.ehcache.DiskStorePathManager - Holding exclusive lock on C:\Users\ADMINI~1\AppData\Local\Temp\.ehcache-diskstore.lock
2018-04-02 09:25:16.943 [restartedMain] DEBUG net.sf.ehcache.store.disk.DiskStorageFactory - Failed to delete file resource%0043ache.index
2018-04-02 09:25:16.947 [restartedMain] DEBUG net.sf.ehcache.store.disk.DiskStorageFactory - Matching data file missing (or empty) for index file. Deleting index file C:\Users\ADMINI~1\AppData\Local\Temp\resource%0043ache.index
2018-04-02 09:25:16.948 [restartedMain] DEBUG net.sf.ehcache.store.disk.DiskStorageFactory - Failed to delete file resource%0043ache.index
2018-04-02 09:25:16.984 [restartedMain] DEBUG net.sf.ehcache.statistics.extended.ExtendedStatisticsImpl - Mocking Pass-Through Statistic: LOCAL_OFFHEAP_SIZE
2018-04-02 09:25:16.985 [restartedMain] DEBUG net.sf.ehcache.statistics.extended.ExtendedStatisticsImpl - Mocking Pass-Through Statistic: LOCAL_OFFHEAP_SIZE_BYTES
2018-04-02 09:25:16.985 [restartedMain] DEBUG net.sf.ehcache.statistics.extended.ExtendedStatisticsImpl - Mocking Pass-Through Statistic: WRITER_QUEUE_LENGTH
2018-04-02 09:25:16.985 [restartedMain] DEBUG net.sf.ehcache.statistics.extended.ExtendedStatisticsImpl - Mocking Pass-Through Statistic: REMOTE_SIZE
2018-04-02 09:25:16.985 [restartedMain] DEBUG net.sf.ehcache.statistics.extended.ExtendedStatisticsImpl - Mocking Pass-Through Statistic: LAST_REJOIN_TIMESTAMP
2018-04-02 09:25:16.992 [restartedMain] DEBUG net.sf.ehcache.statistics.extended.ExtendedStatisticsImpl - Mocking Operation Statistic: OFFHEAP_GET
2018-04-02 09:25:16.993 [restartedMain] DEBUG net.sf.ehcache.statistics.extended.ExtendedStatisticsImpl - Mocking Operation Statistic: OFFHEAP_PUT
2018-04-02 09:25:16.993 [restartedMain] DEBUG net.sf.ehcache.statistics.extended.ExtendedStatisticsImpl - Mocking Operation Statistic: OFFHEAP_REMOVE
2018-04-02 09:25:16.994 [restartedMain] DEBUG net.sf.ehcache.statistics.extended.ExtendedStatisticsImpl - Mocking Operation Statistic: XA_COMMIT
2018-04-02 09:25:16.994 [restartedMain] DEBUG net.sf.ehcache.statistics.extended.ExtendedStatisticsImpl - Mocking Operation Statistic: XA_ROLLBACK
2018-04-02 09:25:16.994 [restartedMain] DEBUG net.sf.ehcache.statistics.extended.ExtendedStatisticsImpl - Mocking Operation Statistic: XA_RECOVERY
2018-04-02 09:25:16.994 [restartedMain] DEBUG net.sf.ehcache.statistics.extended.ExtendedStatisticsImpl - Mocking Operation Statistic: CLUSTER_EVENT
2018-04-02 09:25:16.994 [restartedMain] DEBUG net.sf.ehcache.statistics.extended.ExtendedStatisticsImpl - Mocking Operation Statistic: NONSTOP
2018-04-02 09:25:16.998 [restartedMain] DEBUG net.sf.ehcache.Cache - Initialised cache: resourceCache
2018-04-02 09:25:16.998 [restartedMain] DEBUG net.sf.ehcache.config.ConfigurationHelper - CacheDecoratorFactory not configured. Skipping for 'resourceCache'.
2018-04-02 09:25:16.998 [restartedMain] DEBUG net.sf.ehcache.config.ConfigurationHelper - CacheDecoratorFactory not configured for defaultCache. Skipping for 'resourceCache'.
2018-04-02 09:25:17.625 [restartedMain] INFO  com.alibaba.druid.pool.DruidDataSource - {dataSource-1} inited
2018-04-02 09:25:19.702 [restartedMain] INFO  org.apache.catalina.core.StandardService - Starting service Tomcat
2018-04-02 09:25:19.703 [restartedMain] INFO  org.apache.catalina.core.StandardEngine - Starting Servlet Engine: Apache Tomcat/8.5.6
2018-04-02 09:25:19.769 [localhost-startStop-1] INFO  org.apache.catalina.core.ContainerBase.[Tomcat].[localhost].[/] - Initializing Spring embedded WebApplicationContext
2018-04-02 09:25:21.317 [restartedMain] DEBUG net.sppan.base.config.listener.ApplicationEventListener - 应用刷新
2018-04-02 09:25:21.325 [restartedMain] INFO  org.apache.coyote.http11.Http11NioProtocol - Initializing ProtocolHandler ["http-nio-80"]
2018-04-02 09:25:21.333 [restartedMain] INFO  org.apache.coyote.http11.Http11NioProtocol - Starting ProtocolHandler [http-nio-80]
2018-04-02 09:25:21.377 [restartedMain] INFO  org.apache.tomcat.util.net.NioSelectorPool - Using a shared selector for servlet write/read
2018-04-02 09:25:21.394 [restartedMain] DEBUG net.sppan.base.config.listener.ApplicationEventListener - 应用已启动完成
2018-04-02 09:25:21.395 [restartedMain] INFO  net.sppan.base.Application - Started Application in 6.5 seconds (JVM running for 6.949)
2018-04-02 09:25:21.395 [restartedMain] DEBUG net.sppan.base.Application - *********************启动成功*********************
2018-04-02 09:26:07.932 [http-nio-80-exec-1] INFO  org.apache.catalina.core.ContainerBase.[Tomcat].[localhost].[/] - Initializing Spring FrameworkServlet 'dispatcherServlet'
2018-04-02 09:26:13.687 [http-nio-80-exec-8] DEBUG org.hibernate.SQL - select user0_.id as id1_4_, user0_.address as address2_4_, user0_.birthday as birthday3_4_, user0_.create_time as create_t4_4_, user0_.delete_status as delete_s5_4_, user0_.description as descript6_4_, user0_.email as email7_4_, user0_.locked as locked8_4_, user0_.nick_name as nick_nam9_4_, user0_.password as passwor10_4_, user0_.sex as sex11_4_, user0_.telephone as telepho12_4_, user0_.update_time as update_13_4_, user0_.user_name as user_na14_4_ from tb_user user0_ where user0_.user_name=?
2018-04-02 09:26:13.899 [http-nio-80-exec-6] DEBUG org.hibernate.SQL - select user0_.id as id1_4_, user0_.address as address2_4_, user0_.birthday as birthday3_4_, user0_.create_time as create_t4_4_, user0_.delete_status as delete_s5_4_, user0_.description as descript6_4_, user0_.email as email7_4_, user0_.locked as locked8_4_, user0_.nick_name as nick_nam9_4_, user0_.password as passwor10_4_, user0_.sex as sex11_4_, user0_.telephone as telepho12_4_, user0_.update_time as update_13_4_, user0_.user_name as user_na14_4_ from tb_user user0_ where user0_.user_name=?
2018-04-02 09:26:13.921 [http-nio-80-exec-6] DEBUG org.hibernate.SQL - select roles0_.user_id as user_id1_5_0_, roles0_.role_id as role_id2_5_0_, role1_.id as id1_2_1_, role1_.create_time as create_t2_2_1_, role1_.description as descript3_2_1_, role1_.name as name4_2_1_, role1_.role_key as role_key5_2_1_, role1_.status as status6_2_1_, role1_.update_time as update_t7_2_1_ from tb_user_role roles0_ inner join tb_role role1_ on roles0_.role_id=role1_.id where roles0_.user_id=?
2018-04-02 09:26:13.936 [http-nio-80-exec-6] DEBUG org.hibernate.SQL - select resources0_.role_id as role_id1_3_0_, resources0_.resource_id as resource2_3_0_, resource1_.id as id1_1_1_, resource1_.create_time as create_t2_1_1_, resource1_.description as descript3_1_1_, resource1_.icon as icon4_1_1_, resource1_.is_hide as is_hide5_1_1_, resource1_.level as level6_1_1_, resource1_.name as name7_1_1_, resource1_.parent_id as parent_13_1_1_, resource1_.sort as sort8_1_1_, resource1_.source_key as source_k9_1_1_, resource1_.source_url as source_10_1_1_, resource1_.type as type11_1_1_, resource1_.update_time as update_12_1_1_ from tb_role_resource resources0_ inner join tb_resource resource1_ on resources0_.resource_id=resource1_.id where resources0_.role_id=?
2018-04-02 09:26:13.942 [http-nio-80-exec-6] DEBUG org.hibernate.SQL - select user0_.id as id1_4_, user0_.address as address2_4_, user0_.birthday as birthday3_4_, user0_.create_time as create_t4_4_, user0_.delete_status as delete_s5_4_, user0_.description as descript6_4_, user0_.email as email7_4_, user0_.locked as locked8_4_, user0_.nick_name as nick_nam9_4_, user0_.password as passwor10_4_, user0_.sex as sex11_4_, user0_.telephone as telepho12_4_, user0_.update_time as update_13_4_, user0_.user_name as user_na14_4_ from tb_user user0_ where user0_.user_name=?
2018-04-02 09:26:13.944 [http-nio-80-exec-6] DEBUG org.hibernate.SQL - select user0_.id as id1_4_, user0_.address as address2_4_, user0_.birthday as birthday3_4_, user0_.create_time as create_t4_4_, user0_.delete_status as delete_s5_4_, user0_.description as descript6_4_, user0_.email as email7_4_, user0_.locked as locked8_4_, user0_.nick_name as nick_nam9_4_, user0_.password as passwor10_4_, user0_.sex as sex11_4_, user0_.telephone as telepho12_4_, user0_.update_time as update_13_4_, user0_.user_name as user_na14_4_ from tb_user user0_ where user0_.user_name=?
2018-04-02 09:26:16.594 [http-nio-80-exec-7] DEBUG org.hibernate.SQL - select user0_.id as id1_4_, user0_.address as address2_4_, user0_.birthday as birthday3_4_, user0_.create_time as create_t4_4_, user0_.delete_status as delete_s5_4_, user0_.description as descript6_4_, user0_.email as email7_4_, user0_.locked as locked8_4_, user0_.nick_name as nick_nam9_4_, user0_.password as passwor10_4_, user0_.sex as sex11_4_, user0_.telephone as telepho12_4_, user0_.update_time as update_13_4_, user0_.user_name as user_na14_4_ from tb_user user0_ where user0_.user_name=?
2018-04-02 09:26:16.596 [http-nio-80-exec-7] DEBUG org.hibernate.SQL - select roles0_.user_id as user_id1_5_0_, roles0_.role_id as role_id2_5_0_, role1_.id as id1_2_1_, role1_.create_time as create_t2_2_1_, role1_.description as descript3_2_1_, role1_.name as name4_2_1_, role1_.role_key as role_key5_2_1_, role1_.status as status6_2_1_, role1_.update_time as update_t7_2_1_ from tb_user_role roles0_ inner join tb_role role1_ on roles0_.role_id=role1_.id where roles0_.user_id=?
2018-04-02 09:26:16.597 [http-nio-80-exec-7] DEBUG org.hibernate.SQL - select resources0_.role_id as role_id1_3_0_, resources0_.resource_id as resource2_3_0_, resource1_.id as id1_1_1_, resource1_.create_time as create_t2_1_1_, resource1_.description as descript3_1_1_, resource1_.icon as icon4_1_1_, resource1_.is_hide as is_hide5_1_1_, resource1_.level as level6_1_1_, resource1_.name as name7_1_1_, resource1_.parent_id as parent_13_1_1_, resource1_.sort as sort8_1_1_, resource1_.source_key as source_k9_1_1_, resource1_.source_url as source_10_1_1_, resource1_.type as type11_1_1_, resource1_.update_time as update_12_1_1_ from tb_role_resource resources0_ inner join tb_resource resource1_ on resources0_.resource_id=resource1_.id where resources0_.role_id=?
2018-04-02 09:26:16.603 [http-nio-80-exec-7] DEBUG org.hibernate.SQL - select user0_.id as id1_4_, user0_.address as address2_4_, user0_.birthday as birthday3_4_, user0_.create_time as create_t4_4_, user0_.delete_status as delete_s5_4_, user0_.description as descript6_4_, user0_.email as email7_4_, user0_.locked as locked8_4_, user0_.nick_name as nick_nam9_4_, user0_.password as passwor10_4_, user0_.sex as sex11_4_, user0_.telephone as telepho12_4_, user0_.update_time as update_13_4_, user0_.user_name as user_na14_4_ from tb_user user0_ where user0_.user_name=?
2018-04-02 09:26:16.606 [http-nio-80-exec-7] DEBUG org.hibernate.SQL - select user0_.id as id1_4_, user0_.address as address2_4_, user0_.birthday as birthday3_4_, user0_.create_time as create_t4_4_, user0_.delete_status as delete_s5_4_, user0_.description as descript6_4_, user0_.email as email7_4_, user0_.locked as locked8_4_, user0_.nick_name as nick_nam9_4_, user0_.password as passwor10_4_, user0_.sex as sex11_4_, user0_.telephone as telepho12_4_, user0_.update_time as update_13_4_, user0_.user_name as user_na14_4_ from tb_user user0_ where user0_.user_name=?
2018-04-02 09:26:16.609 [http-nio-80-exec-7] DEBUG org.hibernate.SQL - select user0_.id as id1_4_, user0_.address as address2_4_, user0_.birthday as birthday3_4_, user0_.create_time as create_t4_4_, user0_.delete_status as delete_s5_4_, user0_.description as descript6_4_, user0_.email as email7_4_, user0_.locked as locked8_4_, user0_.nick_name as nick_nam9_4_, user0_.password as passwor10_4_, user0_.sex as sex11_4_, user0_.telephone as telepho12_4_, user0_.update_time as update_13_4_, user0_.user_name as user_na14_4_ from tb_user user0_ where user0_.user_name=?
2018-04-02 09:26:16.965 [http-nio-80-exec-5] DEBUG org.hibernate.SQL - select count(member0_.id) as col_0_0_ from tb_member member0_
2018-04-02 09:26:17.019 [http-nio-80-exec-5] DEBUG org.hibernate.SQL - select member0_.id as id1_0_, member0_.balance as balance2_0_, member0_.create_time as create_t3_0_, member0_.name as name4_0_, member0_.update_time as update_t5_0_ from tb_member member0_ limit ?
2018-04-02 09:26:27.422 [http-nio-80-exec-2] DEBUG org.hibernate.SQL - select member0_.id as id1_0_0_, member0_.balance as balance2_0_0_, member0_.create_time as create_t3_0_0_, member0_.name as name4_0_0_, member0_.update_time as update_t5_0_0_ from tb_member member0_ where member0_.id=?
2018-04-02 09:26:47.886 [http-nio-80-exec-10] DEBUG org.hibernate.SQL - select count(member0_.id) as col_0_0_ from tb_member member0_
2018-04-02 09:26:47.887 [http-nio-80-exec-10] DEBUG org.hibernate.SQL - select member0_.id as id1_0_, member0_.balance as balance2_0_, member0_.create_time as create_t3_0_, member0_.name as name4_0_, member0_.update_time as update_t5_0_ from tb_member member0_ limit ?
